INFO	2024/06/03 13:18:17 Starting server on :4000
INFO	2024/06/03 13:19:07 Starting server on :4000
INFO	2024/06/03 13:20:30 Starting server on :4000
INFO	2024/06/03 13:21:40 Starting server on :4000
INFO	2024/06/03 13:24:08 Starting server on :4000
INFO	2024/06/03 14:12:48 Starting server on :4000
INFO	2024/06/05 15:09:07 Starting server on :4000
INFO	2024/06/05 15:09:30 [::1]:55671 - HTTP/1.1 HEAD /
INFO	2024/06/05 15:09:58 [::1]:55690 - HTTP/1.1 GET /
INFO	2024/06/05 15:09:58 [::1]:55690 - HTTP/1.1 GET /favicon.ico
INFO	2024/06/05 15:10:40 Starting server on :4000
INFO	2024/06/05 15:10:57 [::1]:55695 - HTTP/1.1 POST /addtask
INFO	2024/06/05 15:10:57 [::1]:55695 - HTTP/1.1 GET /
INFO	2024/06/05 15:10:57 [::1]:55695 - HTTP/1.1 GET /favicon.ico
INFO	2024/06/05 15:11:00 [::1]:55695 - HTTP/1.1 POST /deletetask
INFO	2024/06/05 15:11:00 [::1]:55695 - HTTP/1.1 GET /
INFO	2024/06/05 15:11:00 [::1]:55695 - HTTP/1.1 GET /favicon.ico
INFO	2024/06/05 15:11:01 [::1]:55695 - HTTP/1.1 POST /deletetask
INFO	2024/06/05 15:11:01 [::1]:55695 - HTTP/1.1 GET /
INFO	2024/06/05 15:11:01 [::1]:55695 - HTTP/1.1 GET /favicon.ico
INFO	2024/06/05 15:13:31 Starting server on :4000
INFO	2024/06/05 15:13:41 [::1]:55709 - HTTP/1.1 GET /
INFO	2024/06/05 15:13:41 [::1]:55710 - HTTP/1.1 GET /
INFO	2024/06/05 15:13:41 [::1]:55711 - HTTP/1.1 GET /
INFO	2024/06/05 15:13:42 [::1]:55713 - HTTP/1.1 GET /
INFO	2024/06/05 15:13:42 [::1]:55714 - HTTP/1.1 GET /
INFO	2024/06/05 15:13:42 [::1]:55715 - HTTP/1.1 GET /
INFO	2024/06/05 15:13:47 [::1]:55716 - HTTP/1.1 GET /
INFO	2024/06/05 15:13:47 [::1]:55717 - HTTP/1.1 GET /
INFO	2024/06/05 15:13:47 [::1]:55718 - HTTP/1.1 GET /
INFO	2024/06/05 15:15:22 [::1]:55726 - HTTP/1.1 GET /
INFO	2024/06/05 15:15:22 [::1]:55727 - HTTP/1.1 GET /
INFO	2024/06/05 15:15:22 [::1]:55728 - HTTP/1.1 GET /
INFO	2024/06/05 15:16:22 [::1]:55729 - HTTP/1.1 GET /
INFO	2024/06/05 15:16:23 [::1]:55730 - HTTP/1.1 GET /
INFO	2024/06/05 15:16:23 [::1]:55731 - HTTP/1.1 GET /
INFO	2024/06/05 15:17:25 Starting server on :4000
INFO	2024/06/05 15:17:30 [::1]:55739 - HTTP/1.1 GET /
INFO	2024/06/05 15:17:30 [::1]:55740 - HTTP/1.1 GET /
INFO	2024/06/05 15:17:31 [::1]:55741 - HTTP/1.1 GET /
INFO	2024/06/05 15:17:32 [::1]:55743 - HTTP/1.1 GET /
INFO	2024/06/05 15:17:32 [::1]:55744 - HTTP/1.1 GET /
INFO	2024/06/05 15:17:32 [::1]:55745 - HTTP/1.1 GET /
INFO	2024/06/05 15:18:04 Starting server on :4000
INFO	2024/06/05 15:18:13 [::1]:55756 - HTTP/1.1 GET /
INFO	2024/06/05 15:18:13 [::1]:55757 - HTTP/1.1 GET /favicon.ico
INFO	2024/06/05 16:25:49 Starting server on :4000
INFO	2024/06/05 16:26:13 [::1]:55894 - HTTP/1.1 GET /
INFO	2024/06/05 16:26:13 [::1]:55894 - HTTP/1.1 GET /favicon.ico
INFO	2024/06/05 16:26:25 [::1]:55894 - HTTP/1.1 POST /addtask
INFO	2024/06/05 16:26:25 [::1]:55894 - HTTP/1.1 GET /
INFO	2024/06/05 16:26:25 [::1]:55894 - HTTP/1.1 GET /favicon.ico
INFO	2024/06/05 16:27:18 [::1]:55894 - HTTP/1.1 GET /
INFO	2024/06/05 16:27:18 [::1]:55894 - HTTP/1.1 GET /favicon.ico
INFO	2024/06/05 16:27:34 [::1]:55894 - HTTP/1.1 GET /
INFO	2024/06/05 16:27:34 [::1]:55894 - HTTP/1.1 GET /favicon.ico
INFO	2024/06/05 16:42:07 Starting server on :4000
INFO	2024/06/05 16:42:22 [::1]:55962 - HTTP/1.1 GET /
INFO	2024/06/05 16:42:22 [::1]:55962 - HTTP/1.1 GET /favicon.ico
INFO	2024/06/05 16:42:37 [::1]:55962 - HTTP/1.1 POST /addtask
INFO	2024/06/05 16:42:37 [::1]:55962 - HTTP/1.1 GET /
INFO	2024/06/05 16:42:37 [::1]:55962 - HTTP/1.1 GET /favicon.ico
INFO	2024/06/05 16:50:57 Starting server on :4000
INFO	2024/06/05 16:51:05 [::1]:56012 - HTTP/1.1 GET /
INFO	2024/06/05 16:51:05 [::1]:56012 - HTTP/1.1 GET /favicon.ico
INFO	2024/06/05 18:47:33 Starting server on :4000
INFO	2024/06/05 18:47:45 [::1]:62660 - HTTP/1.1 GET /
INFO	2024/06/05 18:47:45 [::1]:62660 - HTTP/1.1 GET /favicon.ico
INFO	2024/06/05 18:47:50 [::1]:62660 - HTTP/1.1 POST /addtask
INFO	2024/06/05 18:47:50 [::1]:62660 - HTTP/1.1 GET /addtask/29
INFO	2024/06/05 18:47:50 [::1]:62660 - HTTP/1.1 GET /favicon.ico
INFO	2024/06/05 18:50:38 [::1]:62660 - HTTP/1.1 POST /addtask
INFO	2024/06/05 18:50:38 [::1]:62660 - HTTP/1.1 GET /addtask/30
INFO	2024/06/05 18:50:38 [::1]:62660 - HTTP/1.1 GET /favicon.ico
INFO	2024/06/05 18:53:20 [::1]:62660 - HTTP/1.1 POST /addtask
INFO	2024/06/05 18:53:20 [::1]:62660 - HTTP/1.1 GET /addtask/31
INFO	2024/06/05 18:53:20 [::1]:62660 - HTTP/1.1 GET /favicon.ico
INFO	2024/06/05 18:53:40 [::1]:62660 - HTTP/1.1 POST /addtask
INFO	2024/06/05 18:53:40 [::1]:62660 - HTTP/1.1 GET /addtask/32
INFO	2024/06/05 18:53:40 [::1]:62660 - HTTP/1.1 GET /favicon.ico
INFO	2024/06/05 18:56:21 [::1]:62660 - HTTP/1.1 POST /addtask
INFO	2024/06/05 18:56:21 [::1]:62660 - HTTP/1.1 GET /addtask/33
INFO	2024/06/05 18:56:21 [::1]:62660 - HTTP/1.1 GET /favicon.ico
INFO	2024/06/05 18:59:50 Starting server on :4000
INFO	2024/06/05 18:59:58 [::1]:62906 - HTTP/1.1 GET /addtask/33
INFO	2024/06/05 18:59:58 [::1]:62906 - HTTP/1.1 GET /favicon.ico
INFO	2024/06/05 19:00:03 [::1]:62906 - HTTP/1.1 POST /deletetask
INFO	2024/06/05 19:00:03 [::1]:62906 - HTTP/1.1 GET /
INFO	2024/06/05 19:00:03 [::1]:62906 - HTTP/1.1 GET /favicon.ico
INFO	2024/06/05 19:00:11 [::1]:62906 - HTTP/1.1 POST /update
INFO	2024/06/05 19:00:11 [::1]:62906 - HTTP/1.1 GET /
INFO	2024/06/05 19:00:11 [::1]:62906 - HTTP/1.1 GET /favicon.ico
INFO	2024/06/05 19:00:23 [::1]:62906 - HTTP/1.1 POST /addtask
INFO	2024/06/05 19:00:23 [::1]:62906 - HTTP/1.1 GET /addtask/34
INFO	2024/06/05 19:00:23 [::1]:62906 - HTTP/1.1 GET /favicon.ico
INFO	2024/06/05 19:04:59 Starting server on :4000
INFO	2024/06/05 19:05:19 [::1]:63064 - HTTP/1.1 GET /
INFO	2024/06/05 19:05:19 [::1]:63064 - HTTP/1.1 GET /favicon.ico
INFO	2024/06/05 19:05:26 [::1]:63064 - HTTP/1.1 POST /addtask
INFO	2024/06/05 19:05:26 [::1]:63064 - HTTP/1.1 GET /addtask/35
INFO	2024/06/05 19:05:26 [::1]:63064 - HTTP/1.1 GET /favicon.ico
INFO	2024/06/05 19:06:16 Starting server on :4000
INFO	2024/06/05 19:07:42 Starting server on :4000
INFO	2024/06/05 19:07:52 [::1]:63153 - HTTP/1.1 GET /
INFO	2024/06/05 19:07:52 [::1]:63153 - HTTP/1.1 GET /favicon.ico
INFO	2024/06/05 19:07:56 [::1]:63153 - HTTP/1.1 POST /addtask
INFO	2024/06/05 19:07:56 [::1]:63153 - HTTP/1.1 GET /addtask/36
INFO	2024/06/05 19:07:56 [::1]:63153 - HTTP/1.1 GET /favicon.ico
INFO	2024/06/05 19:08:05 [::1]:63153 - HTTP/1.1 POST /addtask
INFO	2024/06/05 19:08:05 [::1]:63153 - HTTP/1.1 GET /addtask/37
INFO	2024/06/05 19:08:05 [::1]:63153 - HTTP/1.1 GET /favicon.ico
INFO	2024/06/05 19:31:53 [::1]:63561 - HTTP/1.1 POST /deletetask
INFO	2024/06/05 19:31:53 [::1]:63561 - HTTP/1.1 GET /
INFO	2024/06/05 19:31:53 [::1]:63561 - HTTP/1.1 GET /favicon.ico
INFO	2024/06/05 19:32:23 [::1]:63561 - HTTP/1.1 POST /deletetask
INFO	2024/06/05 19:32:23 [::1]:63561 - HTTP/1.1 GET /
INFO	2024/06/05 19:32:23 [::1]:63561 - HTTP/1.1 GET /favicon.ico
INFO	2024/06/05 19:32:25 [::1]:63561 - HTTP/1.1 POST /deletetask
INFO	2024/06/05 19:32:25 [::1]:63561 - HTTP/1.1 GET /
INFO	2024/06/05 19:32:25 [::1]:63561 - HTTP/1.1 GET /favicon.ico
INFO	2024/06/05 19:32:27 [::1]:63561 - HTTP/1.1 POST /deletetask
INFO	2024/06/05 19:32:27 [::1]:63561 - HTTP/1.1 GET /
INFO	2024/06/05 19:32:28 [::1]:63561 - HTTP/1.1 GET /favicon.ico
INFO	2024/06/05 19:32:30 [::1]:63561 - HTTP/1.1 POST /deletetask
INFO	2024/06/05 19:32:30 [::1]:63561 - HTTP/1.1 GET /
INFO	2024/06/05 19:32:30 [::1]:63561 - HTTP/1.1 GET /favicon.ico
INFO	2024/06/05 19:32:52 [::1]:63561 - HTTP/1.1 POST /deletetask
INFO	2024/06/05 19:32:52 [::1]:63561 - HTTP/1.1 GET /
INFO	2024/06/05 19:32:52 [::1]:63561 - HTTP/1.1 GET /favicon.ico
INFO	2024/06/06 10:11:11 Starting server on :4000
INFO	2024/06/06 10:11:28 [::1]:51228 - HTTP/1.1 GET /
INFO	2024/06/06 10:11:28 [::1]:51228 - HTTP/1.1 GET /favicon.ico
INFO	2024/06/06 10:11:48 [::1]:51228 - HTTP/1.1 POST /addtask
INFO	2024/06/06 10:11:48 [::1]:51228 - HTTP/1.1 GET /favicon.ico
INFO	2024/06/06 11:09:29 Starting server on :4000
INFO	2024/06/06 11:09:37 [::1]:51717 - HTTP/1.1 GET /
INFO	2024/06/06 11:09:37 [::1]:51717 - HTTP/1.1 GET /favicon.ico
INFO	2024/06/06 11:09:47 [::1]:51717 - HTTP/1.1 POST /addtask
INFO	2024/06/06 11:09:51 [::1]:51717 - HTTP/1.1 POST /addtask
INFO	2024/06/06 11:09:58 [::1]:51717 - HTTP/1.1 POST /update
INFO	2024/06/06 11:10:13 [::1]:51717 - HTTP/1.1 GET /addtask
INFO	2024/06/06 11:11:03 [::1]:51717 - HTTP/1.1 GET /addtask
INFO	2024/06/06 11:13:17 Starting server on :4000
INFO	2024/06/06 11:13:30 [::1]:51745 - HTTP/1.1 GET /
INFO	2024/06/06 11:13:35 [::1]:51745 - HTTP/1.1 GET /addtask
INFO	2024/06/06 11:16:16 Starting server on :4000
INFO	2024/06/06 11:19:28 [::1]:51763 - HTTP/1.1 GET /addtask
INFO	2024/06/06 11:21:23 Starting server on :4000
INFO	2024/06/06 11:21:32 [::1]:51777 - HTTP/1.1 GET /
INFO	2024/06/06 11:21:35 [::1]:51777 - HTTP/1.1 POST /addtask
INFO	2024/06/06 11:21:44 [::1]:51777 - HTTP/1.1 POST /addtask
INFO	2024/06/06 11:28:13 [::1]:52286 - HTTP/1.1 POST /addtask
INFO	2024/06/06 11:28:16 [::1]:52288 - HTTP/1.1 POST /addtask
INFO	2024/06/06 11:28:21 [::1]:52288 - HTTP/1.1 POST /addtask
INFO	2024/06/06 11:28:26 [::1]:52291 - HTTP/1.1 POST /addtask
INFO	2024/06/06 11:28:34 [::1]:52293 - HTTP/1.1 POST /addtask
INFO	2024/06/06 11:28:38 [::1]:52293 - HTTP/1.1 POST /addtask
INFO	2024/06/06 11:29:49 [::1]:54708 - HTTP/1.1 POST /addtask
INFO	2024/06/06 11:29:55 [::1]:54708 - HTTP/1.1 GET /
INFO	2024/06/06 11:30:01 [::1]:54708 - HTTP/1.1 POST /addtask
INFO	2024/06/06 11:33:56 Starting server on :4000
INFO	2024/06/06 11:34:05 [::1]:54882 - HTTP/1.1 GET /
INFO	2024/06/06 11:34:09 [::1]:54882 - HTTP/1.1 POST /addtask
INFO	2024/06/06 11:35:49 Starting server on :4000
INFO	2024/06/06 11:35:56 [::1]:54979 - HTTP/1.1 POST /addtask
INFO	2024/06/06 11:35:59 [::1]:54979 - HTTP/1.1 GET /
INFO	2024/06/06 11:36:02 [::1]:54979 - HTTP/1.1 POST /addtask
INFO	2024/06/06 11:36:20 Starting server on :4000
INFO	2024/06/06 11:36:36 [::1]:55000 - HTTP/1.1 GET /
INFO	2024/06/06 11:36:39 [::1]:55000 - HTTP/1.1 POST /addtask
INFO	2024/06/06 11:37:03 [::1]:55000 - HTTP/1.1 POST /addtask
INFO	2024/06/06 11:37:35 Starting server on :4000
INFO	2024/06/06 11:37:48 [::1]:55067 - HTTP/1.1 GET /
INFO	2024/06/06 11:37:54 [::1]:55067 - HTTP/1.1 POST /addtask
INFO	2024/06/06 11:37:54 [::1]:55067 - HTTP/1.1 GET /
INFO	2024/06/06 11:38:54 [::1]:55067 - HTTP/1.1 POST /addtask
INFO	2024/06/06 11:38:54 [::1]:55067 - HTTP/1.1 GET /
INFO	2024/06/06 11:39:05 [::1]:55067 - HTTP/1.1 POST /update
INFO	2024/06/06 11:39:10 [::1]:55067 - HTTP/1.1 POST /update
INFO	2024/06/06 11:39:18 [::1]:55067 - HTTP/1.1 POST /update
INFO	2024/06/06 11:41:10 Starting server on :4000
INFO	2024/06/06 11:41:26 [::1]:55357 - HTTP/1.1 POST /update
INFO	2024/06/06 11:41:26 [::1]:55357 - HTTP/1.1 GET /
INFO	2024/06/06 11:41:40 [::1]:55357 - HTTP/1.1 POST /update
INFO	2024/06/06 11:41:40 [::1]:55357 - HTTP/1.1 GET /
INFO	2024/06/06 11:41:43 [::1]:55357 - HTTP/1.1 POST /deletetask
INFO	2024/06/06 11:41:43 [::1]:55357 - HTTP/1.1 GET /
INFO	2024/06/06 12:34:39 Starting server on :4000
INFO	2024/06/06 12:34:48 [::1]:65304 - HTTP/1.1 GET /
INFO	2024/06/06 12:34:54 [::1]:65304 - HTTP/1.1 POST /addtask
INFO	2024/06/06 12:35:07 [::1]:65304 - HTTP/1.1 POST /addtask
INFO	2024/06/06 12:35:07 [::1]:65304 - HTTP/1.1 GET /
INFO	2024/06/06 12:35:20 [::1]:65304 - HTTP/1.1 POST /addtask
INFO	2024/06/06 12:35:25 [::1]:65304 - HTTP/1.1 GET /
INFO	2024/06/06 12:35:28 [::1]:65304 - HTTP/1.1 GET /
INFO	2024/06/06 12:36:03 [::1]:65304 - HTTP/1.1 GET /
INFO	2024/06/06 12:36:08 [::1]:65304 - HTTP/1.1 POST /addtask
INFO	2024/06/06 12:36:08 [::1]:65304 - HTTP/1.1 GET /
INFO	2024/06/06 12:36:11 [::1]:65304 - HTTP/1.1 GET /
INFO	2024/06/06 12:40:35 Starting server on :4000
INFO	2024/06/06 12:40:44 [::1]:49394 - HTTP/1.1 GET /
INFO	2024/06/06 12:40:47 [::1]:49394 - HTTP/1.1 POST /addtask
INFO	2024/06/06 12:46:41 Starting server on :4000
INFO	2024/06/06 12:46:54 [::1]:50041 - HTTP/1.1 GET /
INFO	2024/06/06 12:47:02 [::1]:50041 - HTTP/1.1 GET /
INFO	2024/06/06 12:47:07 [::1]:50041 - HTTP/1.1 POST /update
INFO	2024/06/06 12:47:07 [::1]:50041 - HTTP/1.1 GET /
INFO	2024/06/06 12:51:44 Starting server on :4000
INFO	2024/06/06 12:51:56 [::1]:50362 - HTTP/1.1 GET /
INFO	2024/06/06 12:51:57 [::1]:50362 - HTTP/1.1 GET /
INFO	2024/06/06 12:52:02 [::1]:50362 - HTTP/1.1 POST /deletetask
INFO	2024/06/06 12:52:02 [::1]:50362 - HTTP/1.1 GET /
INFO	2024/06/06 12:55:05 [::1]:50362 - HTTP/1.1 GET /
INFO	2024/06/06 12:55:06 [::1]:50362 - HTTP/1.1 POST /deletetask
INFO	2024/06/06 12:55:06 [::1]:50362 - HTTP/1.1 GET /
